<?xml version="1.0" encoding="UTF-8"?>
<!-- Generated by org.testng.reporters.JUnitXMLReporter -->
<testsuite ignored="0" hostname="DESKTOP-94N3HCQ" failures="0" tests="14" name="Default test" time="0.695" errors="0" timestamp="2024-11-22T19:25:15 GMT+06:00">
  <testcase classname="Demo.Animation" name="@BeforeClass setup" time="0.623">
    <failure type="org.openqa.selenium.SessionNotCreatedException" message="Could not start a new session. Possible causes are invalid address of the remote server or browser start-up failure. 
Host info: host: &amp;apos;DESKTOP-94N3HCQ&amp;apos;, ip: &amp;apos;192.168.0.103&amp;apos;">
      <![CDATA[org.openqa.selenium.SessionNotCreatedException: Could not start a new session. Possible causes are invalid address of the remote server or browser start-up failure. 
Host info: host: 'DESKTOP-94N3HCQ', ip: '192.168.0.103'
at org.openqa.selenium.remote.RemoteWebDriver.execute(RemoteWebDriver.java:620)
at io.appium.java_client.AppiumDriver.startSession(AppiumDriver.java:274)
at org.openqa.selenium.remote.RemoteWebDriver.<init>(RemoteWebDriver.java:163)
at io.appium.java_client.AppiumDriver.<init>(AppiumDriver.java:89)
at io.appium.java_client.AppiumDriver.<init>(AppiumDriver.java:101)
at io.appium.java_client.android.AndroidDriver.<init>(AndroidDriver.java:113)
at Demo.Animation.setup(Animation.java:65)
at java.base/jdk.internal.reflect.DirectMethodHandleAccessor.invoke(DirectMethodHandleAccessor.java:103)
at java.base/java.lang.reflect.Method.invoke(Method.java:580)
at org.testng.internal.invokers.MethodInvocationHelper.invokeMethod(MethodInvocationHelper.java:139)
at org.testng.internal.invokers.MethodInvocationHelper.invokeMethodConsideringTimeout(MethodInvocationHelper.java:69)
at org.testng.internal.invokers.ConfigInvoker.invokeConfigurationMethod(ConfigInvoker.java:361)
at org.testng.internal.invokers.ConfigInvoker.invokeConfigurations(ConfigInvoker.java:296)
at org.testng.internal.invokers.TestMethodWorker.invokeBeforeClassMethods(TestMethodWorker.java:180)
at org.testng.internal.invokers.TestMethodWorker.run(TestMethodWorker.java:122)
at java.base/java.util.ArrayList.forEach(ArrayList.java:1597)
at org.testng.TestRunner.privateRun(TestRunner.java:829)
at org.testng.TestRunner.run(TestRunner.java:602)
at org.testng.SuiteRunner.runTest(SuiteRunner.java:437)
at org.testng.SuiteRunner.runSequentially(SuiteRunner.java:431)
at org.testng.SuiteRunner.privateRun(SuiteRunner.java:391)
at org.testng.SuiteRunner.run(SuiteRunner.java:330)
at org.testng.SuiteRunnerWorker.runSuite(SuiteRunnerWorker.java:52)
at org.testng.SuiteRunnerWorker.run(SuiteRunnerWorker.java:95)
at org.testng.TestNG.runSuitesSequentially(TestNG.java:1256)
at org.testng.TestNG.runSuitesLocally(TestNG.java:1176)
at org.testng.TestNG.runSuites(TestNG.java:1099)
at org.testng.TestNG.run(TestNG.java:1067)
at org.testng.remote.AbstractRemoteTestNG.run(AbstractRemoteTestNG.java:115)
at org.testng.remote.RemoteTestNG.initAndRun(RemoteTestNG.java:293)
at org.testng.remote.RemoteTestNG.main(RemoteTestNG.java:91)
Caused by: org.openqa.selenium.WebDriverException: Connection refused: getsockopt
Build info: version: '4.13.0', revision: 'ba948ece5b*'
System info: os.name: 'Windows 10', os.arch: 'amd64', os.version: '10.0', java.version: '23.0.1'
Driver info: driver.version: AndroidDriver
at io.appium.java_client.remote.AppiumCommandExecutor.lambda$execute$4(AppiumCommandExecutor.java:262)
at java.base/java.util.Optional.orElseGet(Optional.java:364)
at io.appium.java_client.remote.AppiumCommandExecutor.execute(AppiumCommandExecutor.java:261)
at org.openqa.selenium.remote.RemoteWebDriver.execute(RemoteWebDriver.java:602)
... 30 more
Caused by: java.net.ConnectException: Connection refused: getsockopt
at java.base/sun.nio.ch.Net.pollConnect(Native Method)
at java.base/sun.nio.ch.Net.pollConnectNow(Net.java:682)
at java.base/sun.nio.ch.SocketChannelImpl.finishConnect(SocketChannelImpl.java:1062)
at io.netty.channel.socket.nio.NioSocketChannel.doFinishConnect(NioSocketChannel.java:337)
at io.netty.channel.nio.AbstractNioChannel$AbstractNioUnsafe.finishConnect(AbstractNioChannel.java:334)
at io.netty.channel.nio.NioEventLoop.processSelectedKey(NioEventLoop.java:776)
at io.netty.channel.nio.NioEventLoop.processSelectedKeysOptimized(NioEventLoop.java:724)
at io.netty.channel.nio.NioEventLoop.processSelectedKeys(NioEventLoop.java:650)
at io.netty.channel.nio.NioEventLoop.run(NioEventLoop.java:562)
at io.netty.util.concurrent.SingleThreadEventExecutor$4.run(SingleThreadEventExecutor.java:997)
at io.netty.util.internal.ThreadExecutorMap$2.run(ThreadExecutorMap.java:74)
at io.netty.util.concurrent.FastThreadLocalRunnable.run(FastThreadLocalRunnable.java:30)
at java.base/java.lang.Thread.run(Thread.java:1575)
]]>
    </failure>
  </testcase> <!-- @BeforeClass setup -->
  <testcase classname="Demo.Animation" name="testActivityTransitionSection" time="0.0">
    <skipped/>
  </testcase> <!-- testActivityTransitionSection -->
  <testcase classname="Demo.Animation" name="testBouncingBallsSection" time="0.0">
    <skipped/>
  </testcase> <!-- testBouncingBallsSection -->
  <testcase classname="Demo.Animation" name="testCloningSection" time="0.0">
    <skipped/>
  </testcase> <!-- testCloningSection -->
  <testcase classname="Demo.Animation" name="testCustomEvaluatorSection" time="0.0">
    <skipped/>
  </testcase> <!-- testCustomEvaluatorSection -->
  <testcase classname="Demo.Animation" name="testDefaultLayoutAnimationsSection" time="0.0">
    <skipped/>
  </testcase> <!-- testDefaultLayoutAnimationsSection -->
  <testcase classname="Demo.Animation" name="testEventsSection" time="0.0">
    <skipped/>
  </testcase> <!-- testEventsSection -->
  <testcase classname="Demo.Animation" name="testHideShowAnimationsSection" time="0.0">
    <skipped/>
  </testcase> <!-- testHideShowAnimationsSection -->
  <testcase classname="Demo.Animation" name="testLayoutAnimationsSection" time="0.0">
    <skipped/>
  </testcase> <!-- testLayoutAnimationsSection -->
  <testcase classname="Demo.Animation" name="testLoadingSection" time="0.0">
    <skipped/>
  </testcase> <!-- testLoadingSection -->
  <testcase classname="Demo.Animation" name="testMultiplePropertiesSection" time="0.0">
    <skipped/>
  </testcase> <!-- testMultiplePropertiesSection -->
  <testcase classname="Demo.Animation" name="testPathAnimationsSection" time="0.0">
    <skipped/>
  </testcase> <!-- testPathAnimationsSection -->
  <testcase classname="Demo.Animation" name="testReversingSection" time="0.0">
    <skipped/>
  </testcase> <!-- testReversingSection -->
  <testcase classname="Demo.Animation" name="testSeekingSection" time="0.0">
    <skipped/>
  </testcase> <!-- testSeekingSection -->
  <testcase classname="Demo.Animation" name="testSimpleTransitionsSection" time="0.0">
    <skipped/>
  </testcase> <!-- testSimpleTransitionsSection -->
</testsuite> <!-- Default test -->
